data_dir:/home/yanghk/ner/cls_ner_align_merg
inputs:[['请调出汇坤园北门2016年4月9日中午11:40的录像，四倍速回放'], [[25, 27, 28, 134, 731, 41, 29, 5, 4, 7, 2, 16, 17, 14, 8, 24, 9, 42, 33, 2, 2, 3, 14, 7, 6, 10, 11, 1, 108, 18, 19, 34, 36]]]
inputs:[['请调出汇坤园北门2016年4月9日中午11:40的录像，四倍速回放'], [[25, 27, 28, 134, 731, 41, 29, 5, 4, 7, 2, 16, 17, 14, 8, 24, 9, 42, 33, 2, 2, 3, 14, 7, 6, 10, 11, 1, 108, 18, 19, 34, 36]], [[]], [[]]]
model_results:outputs {
  key: "lengths"
  value {
    dtype: DT_INT32
    tensor_shape {
      dim {
        size: 1
      }
    }
    int_val: 33
  }
}
outputs {
  key: "scores"
  value {
    dtype: DT_FLOAT
    tensor_shape {
      dim {
        size: 1
      }
      dim {
        size: 33
      }
      dim {
        size: 34
      }
    }
    float_val: -0.3675754964351654
    float_val: 11.034843444824219
    float_val: -1.4825241565704346
    float_val: 1.2616878747940063
    float_val: 1.6122992038726807
    float_val: -0.2635020613670349
    float_val: -4.174739360809326
    float_val: 1.5232152938842773
    float_val: 1.2114812135696411
    float_val: -1.6570149660110474
    float_val: -4.191227436065674
    float_val: -4.044747352600098
    float_val: -7.2142415046691895
    float_val: -3.3753902912139893
    float_val: -2.4582741260528564
    float_val: -2.2270171642303467
    float_val: 1.3268771171569824
    float_val: 1.7339404821395874
    float_val: 2.053483009338379
    float_val: -3.433180093765259
    float_val: -1.116523265838623
    float_val: 0.49993276596069336
    float_val: 1.7729493379592896
    float_val: 0.35514312982559204
    float_val: -1.0643935203552246
    float_val: -4.245721817016602
    float_val: -1.7289111614227295
    float_val: 0.4813900291919708
    float_val: -0.39558717608451843
    float_val: 0.3389946520328522
    float_val: 1.3889650106430054
    float_val: -3.111412763595581
    float_val: -1.6062004566192627
    float_val: -1.7895663976669312
    float_val: 0.6075583100318909
    float_val: 11.906229972839355
    float_val: -1.2460567951202393
    float_val: 0.5545609593391418
    float_val: 0.11688027530908585
    float_val: 0.9337151646614075
    float_val: -4.187283039093018
    float_val: 3.885655641555786
    float_val: 1.227184772491455
    float_val: -3.1584372520446777
    float_val: -3.5226099491119385
    float_val: -3.3997535705566406
    float_val: -7.484945297241211
    float_val: -4.112285614013672
    float_val: -3.949833631515503
    float_val: -3.8193435668945312
    float_val: 1.939102053642273
    float_val: 0.017417244613170624
    float_val: 2.7359261512756348
    float_val: -3.5580644607543945
    float_val: -1.473218560218811
    float_val: 0.5196129083633423
    float_val: 2.4439122676849365
    float_val: -0.2251870334148407
    float_val: -2.1060383319854736
    float_val: -4.877775192260742
    float_val: -2.8575191497802734
    float_val: 1.50394868850708
    float_val: -0.4201561212539673
    float_val: 0.6030067205429077
    float_val: 0.4983619451522827
    float_val: -3.626096248626709
    float_val: -1.971846103668213
    float_val: -1.9891386032104492
    float_val: 1.7331398725509644
    float_val: 12.488913536071777
    float_val: -0.8088903427124023
    float_val: 0.925734281539917
    float_val: 0.9806324243545532
    float_val: 1.9849411249160767
    float_val: -3.457498073577881
    float_val: 5.909883975982666
    float_val: -0.8020467758178711
    float_val: -4.550254821777344
    float_val: -2.906688690185547
    float_val: -3.3982698917388916
    float_val: -8.454716682434082
    float_val: -4.239673137664795
    float_val: -5.690124988555908
    float_val: -5.763758182525635
    float_val: 1.6932270526885986
    float_val: 0.04668774455785751
    float_val: 3.2227413654327393
    float_val: -4.809733867645264
    float_val: -1.1982343196868896
    float_val: 0.7099169492721558
    float_val: 2.520176649093628
    float_val: -0.7538555264472961
    float_val: -1.6276845932006836
    float_val: -5.935506820678711
    float_val: -3.482525587081909
    float_val: 2.22975492477417
    float_val: -1.9024510383605957
    float_val: 0.6894717812538147
    float_val: -0.4622666835784912
    float_val: -3.5198495388031006
    float_val: -2.4250288009643555
    float_val: -2.356682777404785
    float_val: 6.376682758331299
    float_val: 2.547459125518799
    float_val: 1.1129566431045532
    float_val: -1.3564220666885376
    float_val: -1.7602335214614868
    float_val: 1.423311471939087
    float_val: -1.171408772468567
    float_val: 11.737515449523926
    float_val: -2.115708112716675
    float_val: -5.000699520111084
    float_val: 0.17775247991085052
    float_val: 0.06696260720491409
    float_val: -1.4357916116714478
    float_val: -5.329501628875732
    float_val: -7.917744159698486
    float_val: -5.413379669189453
    float_val: 1.1627494096755981
    float_val: -3.834580659866333
    float_val: 1.4930875301361084
    float_val: -4.5842766761779785
    float_val: -1.3492594957351685
    float_val: 0.29613661766052246
    float_val: 1.7267576456069946
    float_val: -2.3662612438201904
    float_val: -2.7322747707366943
    float_val: -1.1185964345932007
    float_val: -1.2929326295852661
    float_val: 4.254474639892578
    float_val: -3.0255064964294434
    float_val: 2.3921282291412354
    float_val: -2.44242262840271
    float_val: -5.306231498718262
    float_val: -0.9330141544342041
    float_val: -0.6411306858062744
    float_val: 11.363165855407715
    float_val: 0.43344539403915405
    float_val: 4.127264976501465
    float_val: -1.868607759475708
    float_val: -0.9916859865188599
    float_val: -3.287261962890625
    float_val: -0.26841533184051514
    float_val: 3.95831298828125
    float_val: 2.64927077293396
    float_val: -5.169023513793945
    float_val: -0.24540509283542633
    float_val: -0.8267720937728882
    float_val: 2.530728340148926
    float_val: -5.772665977478027
    float_val: -6.534419059753418
    float_val: -1.5627171993255615
    float_val: 0.6127028465270996
    float_val: -3.2950217723846436
    float_val: -0.7955213785171509
    float_val: -4.19842004776001
    float_val: -1.7541598081588745
    float_val: -4.016850471496582
    float_val: -1.191821575164795
    float_val: -5.328810691833496
    float_val: -3.64963436126709
    float_val: -0.24488581717014313
    float_val: 1.291177749633789
    float_val: 0.5591611862182617
    float_val: -2.7648849487304688
    float_val: -1.7696585655212402
    float_val: 0.23547999560832977
    float_val: -8.693938255310059
    float_val: -1.895512342453003
    float_val: -1.3751381635665894
    float_val: 11.938232421875
    float_val: 0.887317419052124
    float_val: 3.9159135818481445
    float_val: 0.04472007602453232
    float_val: -1.6675434112548828
    float_val: -2.753040075302124
    float_val: -1.0914686918258667
    float_val: 2.733250379562378
    float_val: 4.5359110832214355
    float_val: -5.756092548370361
    float_val: 0.8951932191848755
    float_val: -2.058436870574951
    float_val: 1.9959548711776733
    float_val: -5.617008209228516
    float_val: -6.741539478302002
    float_val: -0.24672722816467285
    float_val: 1.0154824256896973
    float_val: -4.291975021362305
    float_val: -0.4019380509853363
    float_val: -3.6276512145996094
    float_val: -1.5870405435562134
    float_val: -4.517176628112793
    float_val: -1.9607688188552856
    float_val: -5.323526382446289
    float_val: -5.502686500549316
    float_val: -1.4185845851898193
    float_val: 0.6734768152236938
    float_val: -0.3443329930305481
    float_val: -2.2089879512786865
    float_val: -3.155467987060547
    float_val: -0.7069738507270813
    float_val: -9.322773933410645
    float_val: -2.350477457046509
    float_val: -1.9921444654464722
    float_val: 11.569674491882324
    float_val: -0.5764271020889282
    float_val: 3.258352518081665
    float_val: -0.1009213849902153
    float_val: -2.5236151218414307
    float_val: -2.7537291049957275
    float_val: -1.4254684448242188
    float_val: 2.0528335571289062
    float_val: 4.898532390594482
    float_val: -5.577046871185303
    float_val: 0.8926287889480591
    float_val: -1.5023810863494873
    float_val: 3.0462734699249268
    float_val: -4.223398208618164
    float_val: -5.60127592086792
    float_val: 0.14899560809135437
    float_val: 2.4336085319519043
    float_val: -5.135178565979004
    float_val: 1.317880630493164
    float_val: -2.5857527256011963
    float_val: -0.4588533341884613
    float_val: -3.421344757080078
    float_val: -1.57399320602417
    float_val: -5.163951396942139
    float_val: -5.851805686950684
    float_val: -1.7326703071594238
    float_val: -0.35051530599594116
    float_val: -0.05747733265161514
    float_val: -1.8356504440307617
    float_val: -3.3376150131225586
    float_val: -0.22133439779281616
    float_val: -7.9099225997924805
    float_val: -2.087035655975342
    float_val: -1.8787778615951538
    float_val: 5.009859085083008
    float_val: 2.376167058944702
    float_val: 0.4008297920227051
    float_val: 0.5226544141769409
    float_val: -3.5449182987213135
    float_val: -2.2953903675079346
    float_val: -0.8906376361846924
    float_val: -3.814396619796753
    float_val: 12.257299423217773
    float_val: -3.208652973175049
    float_val: -0.38517525792121887
    float_val: -5.31940221786499
    float_val: 1.1250420808792114
    float_val: -1.0007619857788086
    float_val: 1.041935920715332
    float_val: 2.647650718688965
    float_val: 1.4175273180007935
    float_val: -4.981203556060791
    float_val: 5.878854274749756
    float_val: 2.3144946098327637
    float_val: 0.031846918165683746
    float_val: -2.361604928970337
    float_val: -3.1600182056427
    float_val: -4.894559860229492
    float_val: -5.228166580200195
    float_val: -3.4012248516082764
    float_val: -1.065069317817688
    float_val: -2.319092035293579
    float_val: 4.12837028503418
    float_val: -3.21561336517334
    float_val: 0.18410827219486237
    float_val: -5.135823726654053
    float_val: -1.404331922531128
    float_val: -1.8312792778015137
    float_val: 0.09073532372713089
    float_val: 3.9655191898345947
    float_val: -3.2230589389801025
    float_val: 0.8899716734886169
    float_val: -1.585553526878357
    float_val: 1.212792992591858
    float_val: -1.5555847883224487
    float_val: -3.736586570739746
    float_val: 4.708422660827637
    float_val: -1.9428350925445557
    float_val: -1.6097283363342285
    float_val: -3.725839376449585
    float_val: -1.3887783288955688
    float_val: 4.793438911437988
    float_val: 1.8907352685928345
    float_val: -1.331788420677185
    float_val: 0.7462908625602722
    float_val: -0.522614061832428
    float_val: 10.96412181854248
    float_val: 3.0654728412628174
    float_val: 5.0203633308410645
    float_val: 1.400647521018982
    float_val: -2.0775792598724365
    float_val: -1.889095664024353
    float_val: 0.975615382194519
    float_val: -7.293851852416992
    float_val: -2.7060859203338623
    float_val: 0.6717379093170166
    float_val: 0.6555100083351135
    float_val: -2.4361796379089355
    float_val: 1.064596176147461
    float_val: 0.4382808804512024
    float_val: -1.5723437070846558
    float_val: -1.6190040111541748
    float_val: -2.617860794067383
    float_val: -0.05247003957629204
    float_val: -2.046389102935791
    float_val: 1.8035836219787598
    float_val: 0.9134420156478882
    float_val: -0.8935778737068176
    float_val: -3.3009185791015625
    float_val: -1.71560800075531
    float_val: -0.07525965571403503
    float_val: 2.0946149826049805
    float_val: -2.3168396949768066
    float_val: -0.3074105978012085
    float_val: -3.5326547622680664
    float_val: 4.037651062011719
    float_val: 2.0847244262695312
    float_val: -1.8796987533569336
    float_val: 1.2076853513717651
    float_val: 3.7826039791107178
    float_val: 5.8467817306518555
    float_val: 2.942424774169922
    float_val: 10.266030311584473
    float_val: 1.7843667268753052
    float_val: 0.8242688179016113
    float_val: 2.385664939880371
    float_val: 1.5660438537597656
    float_val: -1.6212432384490967
    float_val: -2.8410463333129883
    float_val: 1.7844101190567017
    float_val: -1.2547125816345215
    float_val: -2.4237148761749268
    float_val: 0.33805328607559204
    float_val: 5.2776570320129395
    float_val: -0.1117139533162117
    float_val: -0.7728174924850464
    float_val: -2.3285300731658936
    float_val: -0.5407078862190247
    float_val: -0.05306961014866829
    float_val: 2.0443193912506104
    float_val: 2.8284127712249756
    float_val: -2.578881025314331
    float_val: -3.7123634815216064
    float_val: -2.1665492057800293
    float_val: -1.4335724115371704
    float_val: 2.307163715362549
    float_val: -2.5218265056610107
    float_val: 0.786099374294281
    float_val: -3.615554094314575
    float_val: 3.7344813346862793
    float_val: 1.4265137910842896
    float_val: -1.0069217681884766
    float_val: 0.460794061422348
    float_val: 4.924586296081543
    float_val: 2.622410774230957
    float_val: 1.3939623832702637
    float_val: 10.841817855834961
    float_val: 0.4270487427711487
    float_val: 1.5008251667022705
    float_val: 3.5359911918640137
    float_val: 1.9377186298370361
    float_val: 0.7959677577018738
    float_val: -1.8375439643859863
    float_val: -0.21928447484970093
    float_val: -1.788633108139038
    float_val: -3.2676308155059814
    float_val: 0.8784400820732117
    float_val: 5.840468883514404
    float_val: -0.2586539685726166
    float_val: -1.1685256958007812
    float_val: -1.3002623319625854
    float_val: -2.189962863922119
    float_val: 0.26670771837234497
    float_val: 0.7515885829925537
    float_val: 0.5285692811012268
    float_val: -0.79608553647995
    float_val: -3.4718165397644043
    float_val: -1.7327626943588257
    float_val: -1.5629966259002686
    float_val: 0.2831006944179535
    float_val: -0.35408729314804077
    float_val: 2.0731146335601807
    float_val: -1.9250138998031616
    float_val: 3.838649272918701
    float_val: 0.8991290926933289
    float_val: -0.6465644240379333
    float_val: 0.734742283821106
    float_val: 3.2105658054351807
    float_val: 2.3920862674713135
    float_val: 1.6956884860992432
    float_val: 10.14980697631836
    float_val: -0.42951589822769165
    float_val: 1.7638447284698486
    float_val: 2.7869951725006104
    float_val: 1.699485421180725
    float_val: 0.9891413450241089
    float_val: -1.4707666635513306
    float_val: -1.4861879348754883
    float_val: -1.6805217266082764
    float_val: -3.6506643295288086
    float_val: 0.9383512139320374
    float_val: 4.818919658660889
    float_val: -0.7835368514060974
    float_val: -0.5248520970344543
    float_val: -2.9681153297424316
    float_val: -2.4257941246032715
    float_val: -0.10908938944339752
    float_val: -3.6685385704040527
    float_val: -5.852071762084961
    float_val: 3.8246710300445557
    float_val: 4.409502029418945
    float_val: -4.907110214233398
    float_val: 1.5269255638122559
    float_val: 2.5232808589935303
    float_val: 2.540931463241577
    float_val: 0.40290385484695435
    float_val: 1.3007159233093262
    float_val: 6.293708324432373
    float_val: 2.0768067836761475
    float_val: 0.08954248577356339
    float_val: -2.7652549743652344
    float_val: 0.12140210717916489
    float_val: 2.255154609680176
    float_val: 11.547951698303223
    float_val: 1.7969424724578857
    float_val: -0.6736769080162048
    float_val: -4.604188919067383
    float_val: -2.388676404953003
    float_val: 1.8283137083053589
    float_val: 0.2504306137561798
    float_val: 1.619670033454895
    float_val: -0.44994404911994934
    float_val: 3.6911752223968506
    float_val: -0.09034045785665512
    float_val: -0.28085583448410034
    float_val: 1.6758639812469482
    float_val: 1.2823376655578613
    float_val: -0.478326678276062
    float_val: -4.541337490081787
    float_val: -2.490323781967163
    float_val: -0.8052675724029541
    float_val: -1.5563639402389526
    float_val: -2.2646310329437256
    float_val: 0.4187307357788086
    float_val: 3.6764931678771973
    float_val: -6.837751388549805
    float_val: -1.159213900566101
    float_val: 1.7344664335250854
    float_val: 2.0392799377441406
    float_val: 1.239910364151001
    float_val: 2.4135894775390625
    float_val: 11.561293601989746
    float_val: 3.764533281326294
    float_val: 0.9724014401435852
    float_val: -2.3885767459869385
    float_val: 0.8878746628761292
    float_val: 1.8718565702438354
    float_val: 5.227150917053223
    float_val: 3.324962854385376
    float_val: 1.3008310794830322
    float_val: -3.486717700958252
    float_val: 1.3665639162063599
    float_val: 5.051350116729736
    float_val: -1.08969247341156
    float_val: 1.5512018203735352
    float_val: -1.9738351106643677
    float_val: 1.4684679508209229
    float_val: -0.5682342648506165
    float_val: 0.5914610028266907
    float_val: 6.178788185119629
    float_val: -0.6781842708587646
    float_val: -1.0096180438995361
    float_val: -6.846099853515625
    float_val: -2.035565137863159
    float_val: -3.7699615955352783
    float_val: -3.3538856506347656
    float_val: -1.1359961032867432
    float_val: -1.5891786813735962
    float_val: 1.5629531145095825
    float_val: -8.154897689819336
    float_val: 0.672789454460144
    float_val: 8.045696258544922
    float_val: -0.7937042117118835
    float_val: 0.30665087699890137
    float_val: 2.460627317428589
    float_val: 4.8913044929504395
    float_val: 13.730910301208496
    float_val: 2.844223737716675
    float_val: -2.2053093910217285
    float_val: 3.3626930713653564
    float_val: 1.8464457988739014
    float_val: 5.307121276855469
    float_val: 1.6246514320373535
    float_val: 0.7495167255401611
    float_val: -2.3969452381134033
    float_val: 0.9363998174667358
    float_val: 3.5190963745117188
    float_val: 2.21769380569458
    float_val: 1.1296323537826538
    float_val: -1.0255666971206665
    float_val: 1.4348173141479492
    float_val: -0.20096278190612793
    float_val: 0.26632511615753174
    float_val: 6.50277042388916
    float_val: 1.2561115026474
    float_val: 1.8651548624038696
    float_val: -6.046541213989258
    float_val: -0.1047406792640686
    float_val: -2.7975809574127197
    float_val: 1.3186382055282593
    float_val: 1.9344017505645752
    float_val: -5.1379218101501465
    float_val: -3.196160316467285
    float_val: -2.7702884674072266
    float_val: -4.0600175857543945
    float_val: 12.541619300842285
    float_val: -0.7732193470001221
    float_val: 3.6079342365264893
    float_val: 0.002029070630669594
    float_val: 0.5430746078491211
    float_val: 4.163764476776123
    float_val: 3.4855146408081055
    float_val: -2.278007984161377
    float_val: 5.582803249359131
    float_val: -3.2207891941070557
    float_val: 1.9702904224395752
    float_val: 2.578352928161621
    float_val: 0.13902348279953003
    float_val: -0.434942364692688
    float_val: 7.831920146942139
    float_val: 0.621163547039032
    float_val: 4.385074615478516
    float_val: 2.4634599685668945
    float_val: -1.0580462217330933
    float_val: -1.236072063446045
    float_val: -0.5607910752296448
    float_val: 0.8986711502075195
    float_val: 5.782295227050781
    float_val: 0.9872685670852661
    float_val: 0.47483956813812256
    float_val: -1.339254379272461
    float_val: -2.621922731399536
    float_val: -0.9598532915115356
    float_val: 0.7756240963935852
    float_val: -1.3932881355285645
    float_val: -1.9914531707763672
    float_val: -4.696527481079102
    float_val: 2.8880622386932373
    float_val: -5.815794467926025
    float_val: 2.8649978637695312
    float_val: 4.286341667175293
    float_val: 12.122929573059082
    float_val: 2.2395458221435547
    float_val: -1.5302104949951172
    float_val: -2.079817056655884
    float_val: 1.1468260288238525
    float_val: 0.4873332381248474
    float_val: -0.37113240361213684
    float_val: -4.5347208976745605
    float_val: -2.607067346572876
    float_val: 1.4186779260635376
    float_val: -0.9974371790885925
    float_val: 1.0682402849197388
    float_val: 6.464476108551025
    float_val: -1.6372389793395996
    float_val: 3.833801031112671
    float_val: 1.3093172311782837
    float_val: -1.0700587034225464
    float_val: -4.020834445953369
    float_val: 1.2032321691513062
    float_val: 2.031153917312622
    float_val: 1.5972340106964111
    float_val: -0.07102150470018387
    float_val: -0.13775122165679932
    float_val: 2.4768593311309814
    float_val: -1.0682775974273682
    float_val: 1.0053035020828247
    float_val: 1.614259958267212
    float_val: -4.88776159286499
    float_val: 1.8747859001159668
    float_val: 1.0206834077835083
    float_val: 2.9453792572021484
    float_val: -2.6063954830169678
    float_val: -1.9759209156036377
    float_val: 11.331050872802734
    float_val: 4.648495674133301
    float_val: 3.3379273414611816
    float_val: -0.009170889854431152
    float_val: -4.192410945892334
    float_val: 1.3817170858383179
    float_val: -0.9537303447723389
    float_val: -6.876462459564209
    float_val: -2.1023430824279785
    float_val: -0.858125627040863
    float_val: -1.0472770929336548
    float_val: -0.30860185623168945
    float_val: -3.8957037925720215
    float_val: 2.22487211227417
    float_val: -3.671348810195923
    float_val: -1.3700400590896606
    float_val: 2.2157809734344482
    float_val: -1.592383623123169
    float_val: -2.1363303661346436
    float_val: 0.825181782245636
    float_val: -4.27180290222168
    float_val: -2.6926023960113525
    float_val: -1.6193513870239258
    float_val: -2.3419909477233887
    float_val: 2.431375741958618
    float_val: -8.41346263885498
    float_val: -0.6613125205039978
    float_val: -1.2775944471359253
    float_val: -3.034682512283325
    float_val: -2.3764424324035645
    float_val: 3.8326256275177
    float_val: -3.210259199142456
    float_val: 0.6663796305656433
    float_val: 0.7578821778297424
    float_val: 5.66789436340332
    float_val: 3.7240190505981445
    float_val: 12.401224136352539
    float_val: 1.835771083831787
    float_val: 1.2277246713638306
    float_val: 5.8214311599731445
    float_val: -0.9657180309295654
    float_val: -5.629214286804199
    float_val: -1.8280850648880005
    float_val: 2.663970470428467
    float_val: -2.635777473449707
    float_val: 0.7652141451835632
    float_val: -4.501672744750977
    float_val: -1.8997915983200073
    float_val: -0.40319180488586426
    float_val: 2.4740328788757324
    float_val: 4.38079833984375
    float_val: -2.4284138679504395
    float_val: 1.3145455121994019
    float_val: 0.974033534526825
    float_val: 0.5655337572097778
    float_val: -1.9033323526382446
    float_val: -0.5357822775840759
    float_val: 0.57222580909729
    float_val: -0.6610788106918335
    float_val: -1.53554368019104
    float_val: -2.0919272899627686
    float_val: 4.530381202697754
    float_val: 2.285701274871826
    float_val: -7.214529514312744
    float_val: -2.549182415008545
    float_val: -5.876066207885742
    float_val: 2.8547232151031494
    float_val: 2.0470566749572754
    float_val: 0.8648746609687805
    float_val: -0.042805902659893036
    float_val: 5.139883518218994
    float_val: 0.6451961398124695
    float_val: 2.6157915592193604
    float_val: 10.72038459777832
    float_val: 2.0969860553741455
    float_val: -1.0978889465332031
    float_val: -1.2968333959579468
    float_val: -0.6593588590621948
    float_val: -0.6552419662475586
    float_val: 1.3133842945098877
    float_val: -1.5696290731430054
    float_val: 2.365415096282959
    float_val: -2.1051790714263916
    float_val: -0.17521366477012634
    float_val: 1.6845428943634033
    float_val: -5.836764812469482
    float_val: 0.5245474576950073
    float_val: -3.21517276763916
    float_val: 2.3710482120513916
    float_val: 0.217667818069458
    float_val: -1.5362731218338013
    float_val: -1.8744674921035767
    float_val: -1.9293006658554077
    float_val: 1.757372498512268
    float_val: -3.607722520828247
    float_val: 10.938905715942383
    float_val: 4.401780605316162
    float_val: -5.222691535949707
    float_val: -7.195146560668945
    float_val: -1.0372692346572876
    float_val: 0.520906925201416
    float_val: 0.6061920523643494
    float_val: 0.09140319377183914
    float_val: 0.32058337330818176
    float_val: -0.5727200508117676
    float_val: -0.05757229030132294
    float_val: -1.3735147714614868
    float_val: 6.116519451141357
    float_val: 4.492583274841309
    float_val: -0.5128400921821594
    float_val: -1.322762370109558
    float_val: -2.9153623580932617
    float_val: 1.4726370573043823
    float_val: 3.488482713699341
    float_val: 0.7661941051483154
    float_val: 5.16621732711792
    float_val: -2.881321668624878
    float_val: -2.1262924671173096
    float_val: -1.6704057455062866
    float_val: -3.6643707752227783
    float_val: -1.7065179347991943
    float_val: -2.1165931224823
    float_val: 0.3643227517604828
    float_val: 0.6169608235359192
    float_val: -1.864098072052002
    float_val: -2.2093358039855957
    float_val: -0.44887620210647583
    float_val: 1.5777840614318848
    float_val: -2.8478732109069824
    float_val: 12.032524108886719
    float_val: 6.972546577453613
    float_val: -4.324174880981445
    float_val: -7.371638774871826
    float_val: 1.1286771297454834
    float_val: -0.5412142872810364
    float_val: -0.5014837980270386
    float_val: -0.20624879002571106
    float_val: 0.4637202322483063
    float_val: -1.9436346292495728
    float_val: -0.6732133626937866
    float_val: -3.312999963760376
    float_val: 4.084102153778076
    float_val: 4.944380283355713
    float_val: -0.5447024703025818
    float_val: -1.85032057762146
    float_val: -4.610730171203613
    float_val: 2.119823932647705
    float_val: 4.05194616317749
    float_val: 1.3319891691207886
    float_val: 4.8045334815979
    float_val: -1.6164219379425049
    float_val: -1.679109811782837
    float_val: -1.5634537935256958
    float_val: -3.0541300773620605
    float_val: -4.089828968048096
    float_val: -1.8737080097198486
    float_val: -1.3137586116790771
    float_val: -0.2070840299129486
    float_val: -2.396205425262451
    float_val: -2.2950496673583984
    float_val: -0.6842510104179382
    float_val: 2.8691060543060303
    float_val: -3.281712770462036
    float_val: 11.18338394165039
    float_val: 6.715113162994385
    float_val: -1.3992193937301636
    float_val: -6.4635491371154785
    float_val: 0.7626009583473206
    float_val: -0.3350190818309784
    float_val: -1.4626333713531494
    float_val: -0.9137029051780701
    float_val: -1.6545559167861938
    float_val: -2.783236265182495
    float_val: -0.3162723779678345
    float_val: -3.203634023666382
    float_val: 2.315493106842041
    float_val: 6.182389736175537
    float_val: -0.040495969355106354
    float_val: 0.36686256527900696
    float_val: -3.525400161743164
    float_val: 2.2215802669525146
    float_val: 4.532720565795898
    float_val: 2.04248309135437
    float_val: 3.8591148853302
    float_val: -0.5973122715950012
    float_val: -3.3365726470947266
    float_val: -2.2513036727905273
    float_val: -2.6587491035461426
    float_val: -2.953512191772461
    float_val: -1.6412038803100586
    float_val: -0.40272724628448486
    float_val: -0.5271949768066406
    float_val: -2.218487024307251
    float_val: -2.642024040222168
    float_val: -0.23158590495586395
    float_val: 2.801231622695923
    float_val: -2.9169259071350098
    float_val: 4.132229328155518
    float_val: 2.320465564727783
    float_val: 1.574061632156372
    float_val: -5.697420597076416
    float_val: 1.811020851135254
    float_val: 2.0434513092041016
    float_val: -3.360170602798462
    float_val: -2.5104665756225586
    float_val: -0.5492864847183228
    float_val: -1.4311367273330688
    float_val: -1.4289863109588623
    float_val: -2.3467299938201904
    float_val: -0.17399290204048157
    float_val: 10.826924324035645
    float_val: -1.1944022178649902
    float_val: 1.7911120653152466
    float_val: -3.1205461025238037
    float_val: 1.8856309652328491
    float_val: 4.430649757385254
    float_val: 6.351405620574951
    float_val: 1.2246568202972412
    float_val: -2.4724369049072266
    float_val: -3.50695538520813
    float_val: -5.193218231201172
    float_val: -0.44043847918510437
    float_val: -0.07257530093193054
    float_val: -0.263862282037735
    float_val: 2.2843806743621826
    float_val: -1.070589542388916
    float_val: -1.2161388397216797
    float_val: -1.308874249458313
    float_val: 0.45285874605178833
    float_val: 13.061083793640137
    float_val: -1.3294373750686646
    float_val: 1.7847578525543213
    float_val: 0.01749255321919918
    float_val: 5.397110462188721
    float_val: -1.921455979347229
    float_val: 3.3093059062957764
    float_val: 0.7591876983642578
    float_val: -5.116478443145752
    float_val: -1.6964901685714722
    float_val: -4.123293876647949
    float_val: -8.2869291305542
    float_val: -2.3616302013397217
    float_val: -4.716477870941162
    float_val: -4.747527122497559
    float_val: 2.360239267349243
    float_val: -1.0321598052978516
    float_val: 4.374453544616699
    float_val: -3.2324059009552
    float_val: -0.9855026006698608
    float_val: 1.644392728805542
    float_val: 0.9912384748458862
    float_val: -1.1488304138183594
    float_val: -2.0242276191711426
    float_val: -8.58053207397461
    float_val: -3.7196052074432373
    float_val: 1.233628273010254
    float_val: -0.869303286075592
    float_val: 0.5910024046897888
    float_val: -1.0516067743301392
    float_val: -4.260857582092285
    float_val: -2.873105764389038
    float_val: -3.244095802307129
    float_val: 0.08611763268709183
    float_val: 3.9253170490264893
    float_val: -1.5507930517196655
    float_val: -3.018238067626953
    float_val: -3.83354115486145
    float_val: 12.307254791259766
    float_val: 4.056920528411865
    float_val: 3.162088394165039
    float_val: 0.2352411448955536
    float_val: -6.076140880584717
    float_val: 2.8990566730499268
    float_val: -1.9636121988296509
    float_val: -2.689242124557495
    float_val: 2.131258249282837
    float_val: -3.296154260635376
    float_val: -5.742106914520264
    float_val: 0.7709550261497498
    float_val: -4.144007682800293
    float_val: 5.558252811431885
    float_val: 1.5049734115600586
    float_val: -1.0296993255615234
    float_val: 3.686105489730835
    float_val: 0.3302348852157593
    float_val: -4.749279022216797
    float_val: 1.5446053743362427
    float_val: -6.410075664520264
    float_val: -1.0758767127990723
    float_val: 2.6956734657287598
    float_val: 1.0105704069137573
    float_val: 3.869067668914795
    float_val: -1.7050807476043701
    float_val: -3.7280313968658447
    float_val: 0.020029358565807343
    float_val: -0.19394665956497192
    float_val: 0.929132878780365
    float_val: 2.393587589263916
    float_val: 2.2707817554473877
    float_val: -5.942903995513916
    float_val: -0.6116206645965576
    float_val: 5.4731059074401855
    float_val: 11.55130386352539
    float_val: -3.1540303230285645
    float_val: 0.9972655773162842
    float_val: -1.7863125801086426
    float_val: 0.48681095242500305
    float_val: -3.0985515117645264
    float_val: -0.35829129815101624
    float_val: 2.816732883453369
    float_val: -1.066297173500061
    float_val: -3.5232672691345215
    float_val: -5.001944541931152
    float_val: -0.8803390860557556
    float_val: 1.5233231782913208
    float_val: 4.303484916687012
    float_val: -3.3933684825897217
    float_val: 0.8737844228744507
    float_val: -3.540843963623047
    float_val: -6.444341659545898
    float_val: 5.343835353851318
    float_val: -3.2137796878814697
    float_val: 3.2514429092407227
    float_val: 2.4020893573760986
    float_val: 2.11500883102417
    float_val: 2.300389051437378
    float_val: -1.7950383424758911
    float_val: -4.851230621337891
    float_val: -0.519318699836731
    float_val: -1.3663651943206787
    float_val: 0.7935782074928284
    float_val: 3.180837392807007
    float_val: 3.2609152793884277
    float_val: -4.221162796020508
    float_val: 3.0277297496795654
    float_val: 0.9470219612121582
    float_val: 4.611328125
    float_val: -4.0561065673828125
    float_val: -1.2535320520401
    float_val: -2.2504661083221436
    float_val: -2.3617029190063477
    float_val: -2.419651508331299
    float_val: -1.8898347616195679
    float_val: 2.281771659851074
    float_val: -1.3316932916641235
    float_val: -2.3992624282836914
    float_val: -5.097918510437012
    float_val: 3.2621359825134277
    float_val: 0.1960599571466446
    float_val: 0.42115724086761475
    float_val: -1.041610836982727
    float_val: -0.6741215586662292
    float_val: -1.30137038230896
    float_val: -4.215099334716797
    float_val: 9.013569831848145
    float_val: -1.1515498161315918
    float_val: 4.346644401550293
    float_val: -0.14207953214645386
    float_val: -0.18431764841079712
    float_val: -0.1048433855175972
    float_val: 1.769729733467102
    float_val: -2.9934186935424805
    float_val: -1.8856836557388306
    float_val: -1.668262004852295
    float_val: -2.1678366661071777
    float_val: 2.206674337387085
    float_val: 2.386237621307373
    float_val: -2.943619966506958
    float_val: 5.008248329162598
    float_val: -1.5359671115875244
    float_val: 0.5403373837471008
    float_val: -2.3247790336608887
    float_val: -4.291050434112549
    float_val: 0.23568221926689148
    float_val: -4.945971965789795
    float_val: -1.6277878284454346
    float_val: -3.939138889312744
    float_val: 1.0702403783798218
    float_val: -0.8111238479614258
    float_val: -2.4057705402374268
    float_val: -4.721107482910156
    float_val: 9.022443771362305
    float_val: -1.3855597972869873
    float_val: -0.23211203515529633
    float_val: 0.8126871585845947
    float_val: -1.1311966180801392
    float_val: 2.0570337772369385
    float_val: -0.6397395730018616
    float_val: 9.030041694641113
    float_val: 3.146282911300659
    float_val: 2.362518787384033
    float_val: 1.2079317569732666
    float_val: -1.1828984022140503
    float_val: -0.061401113867759705
    float_val: 2.4805943965911865
    float_val: 0.7192301750183105
    float_val: -0.4441554844379425
    float_val: -0.9172081351280212
    float_val: -4.191796779632568
    float_val: 2.552025318145752
    float_val: 1.5141435861587524
    float_val: -2.2641942501068115
    float_val: 5.0810394287109375
    float_val: -2.7866899967193604
    float_val: -3.226170539855957
    float_val: -1.8809640407562256
    float_val: -4.448798656463623
    float_val: 2.4807281494140625
    float_val: -6.92603874206543
    float_val: -0.3749118447303772
    float_val: -5.645730018615723
    float_val: -1.1126532554626465
    float_val: 1.4822187423706055
    float_val: -1.464852213859558
    float_val: -2.5586626529693604
    float_val: 12.578835487365723
    float_val: -2.375474214553833
    float_val: -1.0153748989105225
    float_val: 2.143247127532959
    float_val: -2.1565542221069336
    float_val: 4.1157331466674805
    float_val: 1.8390511274337769
    float_val: 6.043390274047852
    float_val: 4.643224716186523
    float_val: 0.3124413788318634
    float_val: 0.5158480405807495
    float_val: -1.6489663124084473
    float_val: -1.0408738851547241
    float_val: 4.350674629211426
    float_val: 3.1660070419311523
    float_val: 0.46281540393829346
    float_val: 0.021533653140068054
    float_val: -0.9629193544387817
    float_val: -3.2062699794769287
    float_val: 2.085895538330078
    float_val: -4.190423488616943
    float_val: 0.9973756074905396
    float_val: -5.224671363830566
    float_val: -2.328420400619507
    float_val: 0.5875765085220337
    float_val: -1.4799631834030151
    float_val: 3.7191240787506104
    float_val: -2.6064651012420654
    float_val: 2.3219804763793945
    float_val: 0.28394100069999695
    float_val: -3.559621810913086
    float_val: 1.3314428329467773
    float_val: 1.35978102684021
    float_val: -3.9248719215393066
    float_val: 4.667925834655762
    float_val: -4.4306230545043945
    float_val: -0.7624962329864502
    float_val: -0.35482656955718994
    float_val: -2.975015878677368
    float_val: 2.900045394897461
    float_val: 1.6024751663208008
    float_val: 1.5901015996932983
    float_val: 12.100627899169922
    float_val: 2.5241403579711914
    float_val: -0.7026509642601013
    float_val: 1.7063114643096924
    float_val: 0.36955246329307556
    float_val: 2.5668835639953613
    float_val: 1.7837094068527222
    float_val: 1.7612277269363403
    float_val: 1.4339741468429565
    float_val: -0.42251190543174744
    float_val: 10.566650390625
    float_val: 1.1132078170776367
    float_val: 1.2855511903762817
    float_val: 1.5697212219238281
    float_val: -1.0948822498321533
    float_val: -5.31008768081665
    float_val: 0.556309700012207
    float_val: 1.419661521911621
    float_val: -2.2988040447235107
    float_val: -3.2861955165863037
    float_val: -3.1642632484436035
    float_val: -8.410680770874023
    float_val: -4.120539665222168
    float_val: -2.035804271697998
    float_val: -1.0148046016693115
    float_val: -0.8863763213157654
    float_val: 2.6074864864349365
    float_val: -0.7036057114601135
    float_val: -4.1874470710754395
    float_val: -1.7172688245773315
    float_val: -2.130112409591675
    float_val: 1.5677846670150757
    float_val: 1.5356909036636353
    float_val: -2.278571128845215
    float_val: -1.2146579027175903
    float_val: -1.4218896627426147
    float_val: -1.3002276420593262
    float_val: 0.6685495376586914
    float_val: -1.6638034582138062
    float_val: 1.8383713960647583
    float_val: -2.4095466136932373
    float_val: -1.277359127998352
    float_val: -1.4949878454208374
    float_val: -0.3531457185745239
    float_val: 12.615214347839355
    float_val: -0.7491968870162964
    float_val: 0.863178014755249
    float_val: -0.6698989868164062
    float_val: 4.247138977050781
    float_val: -2.9830710887908936
    float_val: 3.726400375366211
    float_val: -0.1360158622264862
    float_val: -4.277882099151611
    float_val: -1.861115574836731
    float_val: -3.9398815631866455
    float_val: -8.666062355041504
    float_val: -2.2010178565979004
    float_val: -3.960768938064575
    float_val: -5.133308410644531
    float_val: 1.028145432472229
    float_val: 0.3814052641391754
    float_val: 3.506744146347046
    float_val: -3.1014859676361084
    float_val: -1.43825364112854
    float_val: 0.5071948170661926
    float_val: 1.2475388050079346
    float_val: -0.3007736802101135
    float_val: -1.3032023906707764
    float_val: -6.662456512451172
    float_val: -3.5957491397857666
    float_val: 1.8090109825134277
    float_val: -0.5496008396148682
    float_val: 0.5159960389137268
    float_val: -0.7150163054466248
    float_val: -3.10013484954834
    float_val: -2.0232644081115723
    float_val: -2.635549545288086
  }
}
outputs {
  key: "trans"
  value {
    dtype: DT_FLOAT
    tensor_shape {
      dim {
        size: 35
      }
      dim {
        size: 35
      }
    }
    float_val: 0.044684574007987976
    float_val: -0.2502567172050476
    float_val: -0.42452865839004517
    float_val: -0.3572380840778351
    float_val: -0.25791653990745544
    float_val: -0.24438267946243286
    float_val: -0.0021809935569763184
    float_val: -0.2906748950481415
    float_val: 0.06983382999897003
    float_val: -0.15081503987312317
    float_val: -0.3899689018726349
    float_val: 0.009144146926701069
    float_val: -0.4539918601512909
    float_val: 0.18171681463718414
    float_val: 0.09867491573095322
    float_val: -0.18463066220283508
    float_val: -0.0032566299196332693
    float_val: -0.16196289658546448
    float_val: -0.4513944685459137
    float_val: -0.018603699281811714
    float_val: -0.23257577419281006
    float_val: -0.19553223252296448
    float_val: -0.23614667356014252
    float_val: -0.3678571879863739
    float_val: -0.0435144379734993
    float_val: 0.1031024381518364
    float_val: -0.14922989904880524
    float_val: -0.27730536460876465
    float_val: -0.5403064489364624
    float_val: -0.06935252994298935
    float_val: 0.01958298869431019
    float_val: -0.027818871662020683
    float_val: -0.1959083527326584
    float_val: 0.022792287170886993
    float_val: 0.0029191672801971436
    float_val: 0.014989679679274559
    float_val: 0.3041646480560303
    float_val: -0.20719259977340698
    float_val: -0.3596278131008148
    float_val: -0.33433830738067627
    float_val: -0.06944955140352249
    float_val: -0.032953206449747086
    float_val: 0.2377629280090332
    float_val: -0.07062088698148727
    float_val: 0.10570283234119415
    float_val: -0.06986156105995178
    float_val: 0.007685754913836718
    float_val: -0.0964818000793457
    float_val: 0.23746639490127563
    float_val: 0.1365516483783722
    float_val: -0.059074174612760544
    float_val: -0.10849563777446747
    float_val: -0.422163188457489
    float_val: -0.0343082994222641
    float_val: -0.2269071638584137
    float_val: 0.01654777303338051
    float_val: -0.020679078996181488
    float_val: -0.24419572949409485
    float_val: -0.07427968084812164
    float_val: 0.42192545533180237
    float_val: 0.10790448635816574
    float_val: -0.5352791547775269
    float_val: 0.036322299391031265
    float_val: -0.13393239676952362
    float_val: 0.17016665637493134
    float_val: 0.06489036232233047
    float_val: 0.03781124949455261
    float_val: -0.2722553312778473
    float_val: -0.24490289390087128
    float_val: -0.2285723239183426
    float_val: -0.22101397812366486
    float_val: -0.2619294822216034
    float_val: 0.01170961745083332
    float_val: 0.028718380257487297
    float_val: -0.11801933497190475
    float_val: 0.004537904169410467
    float_val: 0.1218346506357193
    float_val: -0.14283537864685059
    float_val: -0.4490432143211365
    float_val: -0.00974791869521141
    float_val: 0.18507584929466248
    float_val: 0.08963244408369064
    float_val: 0.08438102900981903
    float_val: 0.08455564081668854
    float_val: -0.28343695402145386
    float_val: -0.29741042852401733
    float_val: 0.14701493084430695
    float_val: 0.003856942756101489
    float_val: -0.08947890251874924
    float_val: 0.07222552597522736
    float_val: 0.17529001832008362
    float_val: 0.19170767068862915
    float_val: 0.11376036703586578
    float_val: -0.3278498649597168
    float_val: -0.021959245204925537
    float_val: 0.0698486790060997
    float_val: -0.27702248096466064
    float_val: -0.3573508560657501
    float_val: 0.3668304681777954
    float_val: 0.057742323726415634
    float_val: -0.04527365788817406
    float_val: 0.10620255023241043
    float_val: -0.2630314230918884
    float_val: -0.23327264189720154
    float_val: 0.10979342460632324
    float_val: -0.11748017370700836
    float_val: -0.004630072508007288
    float_val: 0.16345679759979248
    float_val: 0.3311348855495453
    float_val: 0.06691715121269226
    float_val: -0.3810095489025116
    float_val: -0.3155873715877533
    float_val: -0.3581262230873108
    float_val: 0.07598662376403809
    float_val: -0.38698986172676086
    float_val: -0.20738475024700165
    float_val: -0.3458346426486969
    float_val: -0.41537073254585266
    float_val: -0.01864224299788475
    float_val: -0.16071729362010956
    float_val: -0.142645001411438
    float_val: 0.19177258014678955
    float_val: -0.025799481198191643
    float_val: -0.22307343780994415
    float_val: -0.0898781269788742
    float_val: -0.2700439393520355
    float_val: -0.3660023808479309
    float_val: -0.20754769444465637
    float_val: -0.13607902824878693
    float_val: -0.0294371098279953
    float_val: -0.12555283308029175
    float_val: -0.33892956376075745
    float_val: -0.12735089659690857
    float_val: 0.12032373249530792
    float_val: 0.06944902241230011
    float_val: -0.11253153532743454
    float_val: -0.30844202637672424
    float_val: -0.3364616930484772
    float_val: -0.06615250557661057
    float_val: -0.23439009487628937
    float_val: -0.11871915310621262
    float_val: 0.009580058045685291
    float_val: -0.3094256818294525
    float_val: -0.08008807897567749
    float_val: 0.10940652340650558
    float_val: -0.028337912634015083
    float_val: -0.2460135966539383
    float_val: -0.11017509549856186
    float_val: -0.18043822050094604
    float_val: 0.12196458131074905
    float_val: -0.3346398174762726
    float_val: -0.20237308740615845
    float_val: -0.29871124029159546
    float_val: 0.06815139204263687
    float_val: 0.1611422598361969
    float_val: 0.06196492910385132
    float_val: -0.48218992352485657
    float_val: -0.6552932858467102
    float_val: 0.1514839082956314
    float_val: -0.2974853515625
    float_val: -0.12530957162380219
    float_val: -0.3035130500793457
    float_val: 0.2753392159938812
    float_val: -0.3833005726337433
    float_val: -0.20937703549861908
    float_val: -0.14993663132190704
    float_val: -0.16923561692237854
    float_val: -0.009809683077037334
    float_val: -0.15721148252487183
    float_val: 0.009439060464501381
    float_val: -0.3344383239746094
    float_val: -0.10432209074497223
    float_val: -0.07215635478496552
    float_val: -0.011220352724194527
    float_val: -0.16609181463718414
    float_val: 0.029973061755299568
    float_val: 0.07174914330244064
    float_val: -0.24604730308055878
    float_val: 0.1758880466222763
    float_val: 0.0062519884668290615
    float_val: -0.37139376997947693
    float_val: 0.06687115877866745
    float_val: -0.10161829739809036
    float_val: -0.047000836580991745
    float_val: 0.03892024978995323
    float_val: 0.0644403025507927
    float_val: 0.12529568374156952
    float_val: 0.057586733251810074
    float_val: 0.10021679848432541
    float_val: 0.11360643059015274
    float_val: 0.17041407525539398
    float_val: -0.02834959514439106
    float_val: -0.05927712470293045
    float_val: -0.020050043240189552
    float_val: -0.1672607660293579
    float_val: -0.16847628355026245
    float_val: -0.3455756902694702
    float_val: -0.08693771064281464
    float_val: -0.004172935150563717
    float_val: 0.059428922832012177
    float_val: -0.013969192281365395
    float_val: -0.47567227482795715
    float_val: -0.2457142174243927
    float_val: -0.2044018656015396
    float_val: -0.4993687570095062
    float_val: 0.03665139526128769
    float_val: 0.19841983914375305
    float_val: 0.03657998889684677
    float_val: 0.05655588209629059
    float_val: -0.18118952214717865
    float_val: 0.17505647242069244
    float_val: 0.34510549902915955
    float_val: -0.27519142627716064
    float_val: 0.18095234036445618
    float_val: -0.12500765919685364
    float_val: -0.1231381967663765
    float_val: -0.005759180057793856
    float_val: 0.09633529186248779
    float_val: -0.2623053193092346
    float_val: 0.10189572721719742
    float_val: -0.26765286922454834
    float_val: 0.15324710309505463
    float_val: -0.07096198946237564
    float_val: -0.30745214223861694
    float_val: -0.3535017967224121
    float_val: -0.07364769279956818
    float_val: 0.12928904592990875
    float_val: -0.4150764048099518
    float_val: -0.3778126835823059
    float_val: -0.2029493898153305
    float_val: -0.12988610565662384
    float_val: -0.3426927328109741
    float_val: 0.0412072017788887
    float_val: -0.31850466132164
    float_val: 0.34964948892593384
    float_val: -0.2835298478603363
    float_val: -0.0797126367688179
    float_val: -0.2659057378768921
    float_val: 0.13009560108184814
    float_val: -0.1875331550836563
    float_val: -0.39076825976371765
    float_val: -0.09794246405363083
    float_val: -0.12573781609535217
    float_val: -0.19652298092842102
    float_val: 0.06474041938781738
    float_val: 0.13813014328479767
    float_val: 0.02246353216469288
    float_val: -0.5308926701545715
    float_val: -0.3345206677913666
    float_val: -0.17486640810966492
    float_val: -0.03800689056515694
    float_val: -0.3525410592556
    float_val: -0.5494617223739624
    float_val: 0.15428604185581207
    float_val: -0.1278434842824936
    float_val: -0.3817525804042816
    float_val: 0.02772206999361515
    float_val: -0.39861971139907837
    float_val: -0.16027262806892395
    float_val: 0.13268055021762848
    float_val: 0.06845476478338242
    float_val: -0.32280242443084717
    float_val: -0.009343910962343216
    float_val: -0.32456350326538086
    float_val: -0.04593465477228165
    float_val: -0.37920820713043213
    float_val: -0.35497501492500305
    float_val: -0.2487051784992218
    float_val: -0.037243492901325226
    float_val: -0.09666875749826431
    float_val: 0.11546362191438675
    float_val: -0.022563641890883446
    float_val: -0.06531292200088501
    float_val: -0.2146976888179779
    float_val: -0.3783128261566162
    float_val: -0.07699402421712875
    float_val: 0.04139880836009979
    float_val: -0.0686170756816864
    float_val: -0.10557080805301666
    float_val: -0.0128631591796875
    float_val: -0.4672706127166748
    float_val: 0.22380414605140686
    float_val: -0.13862289488315582
    float_val: 0.13302288949489594
    float_val: -0.2778596878051758
    float_val: -0.28289663791656494
    float_val: -0.2021559625864029
    float_val: 0.04810966178774834
    float_val: -0.47702357172966003
    float_val: 0.15331734716892242
    float_val: -0.19765596091747284
    float_val: 0.19527770578861237
    float_val: 0.010658444836735725
    float_val: 0.27616357803344727
    float_val: -0.12208735942840576
    float_val: 0.15432679653167725
    float_val: 0.10811211913824081
    float_val: -0.3917735517024994
    float_val: 0.053046226501464844
    float_val: 0.04904105141758919
    float_val: -0.12219816446304321
    float_val: -0.20688970386981964
    float_val: 0.18056155741214752
    float_val: 0.19882825016975403
    float_val: -0.2362852543592453
    float_val: 0.07169605046510696
    float_val: -0.15168191492557526
    float_val: -0.07497590035200119
    float_val: 0.11419672518968582
    float_val: 0.11506800353527069
    float_val: 0.16641925275325775
    float_val: -0.079026959836483
    float_val: -0.340940922498703
    float_val: -0.2114233821630478
    float_val: 0.2532227039337158
    float_val: -0.040972135961055756
    float_val: -0.30476856231689453
    float_val: 0.17031832039356232
    float_val: -0.01087899412959814
    float_val: -0.10922276973724365
    float_val: -0.06489098072052002
    float_val: -0.13246093690395355
    float_val: -0.3207051753997803
    float_val: -0.11806730180978775
    float_val: -0.6863556504249573
    float_val: 0.03014058992266655
    float_val: 0.21214081346988678
    float_val: -0.026428481563925743
    float_val: -0.14138197898864746
    float_val: -0.17614473402500153
    float_val: -0.4019628167152405
    float_val: -0.1182069331407547
    float_val: -0.40851473808288574
    float_val: -0.03763549402356148
    float_val: -0.24378345906734467
    float_val: 0.01927345059812069
    float_val: -0.3826518952846527
    float_val: 0.012680131010711193
    float_val: 0.0025803919415920973
    float_val: -0.25310811400413513
    float_val: -0.022334285080432892
    float_val: -0.16356082260608673
    float_val: 0.16300103068351746
    float_val: -0.2090761810541153
    float_val: -0.15156204998493195
    float_val: -0.09689066559076309
    float_val: -0.3026062250137329
    float_val: -0.15059323608875275
    float_val: -0.32690104842185974
    float_val: 0.11283156275749207
    float_val: 0.10854704678058624
    float_val: 0.04485372081398964
    float_val: 0.014900065027177334
    float_val: -0.41697144508361816
    float_val: -0.11970984935760498
    float_val: -0.20857122540473938
    float_val: -0.1819615364074707
    float_val: -0.045731425285339355
    float_val: 0.12142106890678406
    float_val: -0.1913508027791977
    float_val: -0.059690315276384354
    float_val: -0.02096899040043354
    float_val: -0.04488633573055267
    float_val: -0.09589806199073792
    float_val: -0.34081780910491943
    float_val: -0.12522195279598236
    float_val: 0.10837379842996597
    float_val: -0.36817774176597595
    float_val: -0.14462508261203766
    float_val: -0.010689283721148968
    float_val: 0.012289663776755333
    float_val: -0.03321442753076553
    float_val: -0.10807759314775467
    float_val: 0.08296320587396622
    float_val: -0.3671190142631531
    float_val: -0.23091165721416473
    float_val: 0.04628925397992134
    float_val: -0.044923484325408936
    float_val: 0.10048409551382065
    float_val: 0.06435872614383698
    float_val: -0.19639286398887634
    float_val: 0.18556414544582367
    float_val: 0.041681669652462006
    float_val: 0.06359726935625076
    float_val: -0.2524370849132538
    float_val: -0.3423237204551697
    float_val: -0.18839138746261597
    float_val: -0.11949861794710159
    float_val: -0.020410142838954926
    float_val: -0.13049587607383728
    float_val: -0.2762130796909332
    float_val: -0.12886236608028412
    float_val: 0.10548482090234756
    float_val: 0.20483586192131042
    float_val: 0.1536344289779663
    float_val: -0.022339556366205215
    float_val: -0.1688157171010971
    float_val: -0.34038758277893066
    float_val: -0.11120641976594925
    float_val: -0.34282076358795166
    float_val: -0.14751403033733368
    float_val: -0.13576075434684753
    float_val: -0.054029617458581924
    float_val: -0.21239498257637024
    float_val: -0.1425006240606308
    float_val: -0.2889326512813568
    float_val: -0.34518781304359436
    float_val: 0.042085468769073486
    float_val: -0.3255364000797272
    float_val: 0.1393454521894455
    float_val: -0.02374710701406002
    float_val: -0.17975594103336334
    float_val: -0.2814185321331024
    float_val: 0.13225792348384857
    float_val: -0.3470388352870941
    float_val: -0.1040375828742981
    float_val: 0.10592542588710785
    float_val: -0.037786368280649185
    float_val: -0.3188416063785553
    float_val: 0.2630563974380493
    float_val: -0.27513858675956726
    float_val: -0.3697543442249298
    float_val: -0.21003267168998718
    float_val: -0.5462433099746704
    float_val: -0.09193643182516098
    float_val: 0.015747733414173126
    float_val: -0.3161781430244446
    float_val: -0.27786871790885925
    float_val: -0.055737003684043884
    float_val: -0.0908593162894249
    float_val: -0.21275241672992706
    float_val: -0.30615830421447754
    float_val: -0.5460490584373474
    float_val: -0.16322167217731476
    float_val: -0.1149246096611023
    float_val: 0.007636294700205326
    float_val: -0.40637922286987305
    float_val: 0.0395595021545887
    float_val: 0.05508729815483093
    float_val: 0.1743670254945755
    float_val: 0.027731385082006454
    float_val: -0.03535108268260956
    float_val: -0.1050780639052391
    float_val: 0.0735500380396843
    float_val: -0.37409406900405884
    float_val: -0.11707130074501038
    float_val: -0.016337385401129723
    float_val: 0.029566703364253044
    float_val: -0.18996277451515198
    float_val: 0.028563646599650383
    float_val: -0.30642789602279663
    float_val: -0.2488725632429123
    float_val: 0.10669360309839249
    float_val: -0.3199388384819031
    float_val: -0.09864175319671631
    float_val: -0.33763277530670166
    float_val: -0.14206407964229584
    float_val: -0.06055229902267456
    float_val: -0.23058299720287323
    float_val: -0.021532699465751648
    float_val: -0.254878968000412
    float_val: 0.1095571517944336
    float_val: -0.14656184613704681
    float_val: -0.15926116704940796
    float_val: 0.016565430909395218
    float_val: 0.034494586288928986
    float_val: 0.06654207408428192
    float_val: 0.15116681158542633
    float_val: -0.2086551934480667
    float_val: 0.373495876789093
    float_val: -0.060828667134046555
    float_val: -0.29870933294296265
    float_val: -0.25423750281333923
    float_val: 0.11408621072769165
    float_val: -0.43166041374206543
    float_val: -0.5641146302223206
    float_val: -0.25495344400405884
    float_val: 0.012636885978281498
    float_val: -0.45111966133117676
    float_val: 0.12596145272254944
    float_val: -0.12911516427993774
    float_val: -0.2662631571292877
    float_val: -0.22699695825576782
    float_val: -0.1769406795501709
    float_val: -0.0962652787566185
    float_val: 0.11668145656585693
    float_val: 0.27119773626327515
    float_val: -0.30873262882232666
    float_val: -0.33971938490867615
    float_val: 0.16597670316696167
    float_val: -0.10600408911705017
    float_val: -0.11255975812673569
    float_val: -0.2431158572435379
    float_val: -0.11554116010665894
    float_val: -0.1130632683634758
    float_val: -0.05247814208269119
    float_val: 0.13243602216243744
    float_val: -0.036439575254917145
    float_val: -0.08676624298095703
    float_val: 0.08554738014936447
    float_val: 0.017680762335658073
    float_val: -0.121009960770607
    float_val: -0.007160314358770847
    float_val: -0.31217047572135925
    float_val: -0.5392625331878662
    float_val: -0.11973690986633301
    float_val: 0.041630230844020844
    float_val: -0.042963847517967224
    float_val: -0.375044047832489
    float_val: 0.07080689817667007
    float_val: 0.07477698475122452
    float_val: 0.05950012430548668
    float_val: 0.06232466921210289
    float_val: -0.2256324142217636
    float_val: -0.04992407560348511
    float_val: 0.13255104422569275
    float_val: -0.054301124066114426
    float_val: -0.1662803590297699
    float_val: -0.08541888743638992
    float_val: -0.11497534811496735
    float_val: -0.20324359834194183
    float_val: -0.4673911929130554
    float_val: -0.01681942492723465
    float_val: 0.13000284135341644
    float_val: 0.24788570404052734
    float_val: -0.3119291365146637
    float_val: -0.2687893509864807
    float_val: -0.3332119584083557
    float_val: 0.19580580294132233
    float_val: -0.0787857323884964
    float_val: 0.21645812690258026
    float_val: 0.1783692091703415
    float_val: -0.35287222266197205
    float_val: 0.10700974613428116
    float_val: -0.2767684757709503
    float_val: 0.07600215822458267
    float_val: 0.07886952906847
    float_val: -0.3298419117927551
    float_val: -0.3427458703517914
    float_val: -0.28950202465057373
    float_val: -0.1898854821920395
    float_val: 0.0747780129313469
    float_val: -0.23716622591018677
    float_val: -0.16953201591968536
    float_val: -0.22818848490715027
    float_val: -0.33457592129707336
    float_val: -0.42366087436676025
    float_val: 0.016164151951670647
    float_val: -0.08981075882911682
    float_val: 0.00573324179276824
    float_val: 0.007526763714849949
    float_val: 0.17828550934791565
    float_val: -0.18813632428646088
    float_val: 0.18993937969207764
    float_val: -0.3418242633342743
    float_val: -0.2660934329032898
    float_val: 0.18823124468326569
    float_val: 0.173739954829216
    float_val: -0.16842441260814667
    float_val: -0.18529394268989563
    float_val: -0.11580722033977509
    float_val: -0.03226467967033386
    float_val: 0.16271336376667023
    float_val: -0.3542783558368683
    float_val: -0.23723475635051727
    float_val: -0.2072668969631195
    float_val: -0.3043484389781952
    float_val: 0.4897012710571289
    float_val: -0.056108083575963974
    float_val: 0.12757469713687897
    float_val: -0.3685774803161621
    float_val: -0.13826614618301392
    float_val: -0.38804593682289124
    float_val: -0.2823221981525421
    float_val: 0.16323742270469666
    float_val: 0.0821366161108017
    float_val: -0.17843586206436157
    float_val: -0.36694610118865967
    float_val: -0.18448667228221893
    float_val: -0.2605445384979248
    float_val: -0.23872686922550201
    float_val: -0.05871925503015518
    float_val: -0.34424740076065063
    float_val: 0.06832266598939896
    float_val: -0.3443274199962616
    float_val: 0.010567665100097656
    float_val: -0.2433534413576126
    float_val: -0.32167693972587585
    float_val: -0.07905431091785431
    float_val: 0.007883044891059399
    float_val: 0.09702398627996445
    float_val: 0.1568935662508011
    float_val: 0.05417439341545105
    float_val: -0.3448300063610077
    float_val: 0.005179852247238159
    float_val: -0.25413328409194946
    float_val: -0.17935308814048767
    float_val: -0.04069618880748749
    float_val: 0.017681650817394257
    float_val: -0.05730415880680084
    float_val: -0.24286602437496185
    float_val: -0.3169625401496887
    float_val: 0.0590895339846611
    float_val: -0.28237491846084595
    float_val: -0.1514003872871399
    float_val: -0.08600171655416489
    float_val: -0.32935264706611633
    float_val: -0.033403873443603516
    float_val: -0.3915015459060669
    float_val: 0.0028890767134726048
    float_val: -0.019294075667858124
    float_val: -0.05261289328336716
    float_val: -0.11492709070444107
    float_val: -0.10908780992031097
    float_val: -0.12092454731464386
    float_val: -0.32439273595809937
    float_val: 0.019757959991693497
    float_val: -0.5630847811698914
    float_val: -0.1384839564561844
    float_val: -0.250277042388916
    float_val: -0.06583672016859055
    float_val: -0.23558345437049866
    float_val: -0.15141187608242035
    float_val: -0.1258634328842163
    float_val: -0.34486275911331177
    float_val: -0.25974687933921814
    float_val: -0.20961590111255646
    float_val: -0.05043189972639084
    float_val: -0.31469035148620605
    float_val: 0.10416251420974731
    float_val: -0.33983397483825684
    float_val: -0.3476172387599945
    float_val: -0.140700101852417
    float_val: -0.32561200857162476
    float_val: -0.053255245089530945
    float_val: -0.03916909545660019
    float_val: 0.02463914267718792
    float_val: 0.189835786819458
    float_val: -0.2015409767627716
    float_val: -0.09490225464105606
    float_val: -0.2120298445224762
    float_val: 0.11541599780321121
    float_val: -0.08829117566347122
    float_val: -0.5307650566101074
    float_val: -0.0565965510904789
    float_val: -0.3335053622722626
    float_val: 0.023682493716478348
    float_val: -0.18426845967769623
    float_val: -0.0771641880273819
    float_val: 0.015354081988334656
    float_val: -0.05742204189300537
    float_val: -0.4035557806491852
    float_val: -0.3017784357070923
    float_val: -0.32886451482772827
    float_val: -0.33807113766670227
    float_val: -0.0009714104817248881
    float_val: -0.3484504520893097
    float_val: -0.3198951482772827
    float_val: -0.35990458726882935
    float_val: -0.1722947657108307
    float_val: -0.25805148482322693
    float_val: -0.16936469078063965
    float_val: -0.19967804849147797
    float_val: -0.31038427352905273
    float_val: 0.021809786558151245
    float_val: 0.006346698384732008
    float_val: -0.05577907711267471
    float_val: -0.38541966676712036
    float_val: 0.12520574033260345
    float_val: -0.03659144788980484
    float_val: -0.17290006577968597
    float_val: -0.26193147897720337
    float_val: 0.07936108112335205
    float_val: 0.06672560423612595
    float_val: -0.42632025480270386
    float_val: -0.20758654177188873
    float_val: 0.11541461199522018
    float_val: -0.2672351896762848
    float_val: 0.08507334440946579
    float_val: -0.43449437618255615
    float_val: -0.2417818307876587
    float_val: 0.014458892866969109
    float_val: -0.3800108730792999
    float_val: -0.4057089686393738
    float_val: -0.4127844572067261
    float_val: -0.16609874367713928
    float_val: -0.26522815227508545
    float_val: 6.963476334931329e-05
    float_val: -0.41387704014778137
    float_val: -0.1877482682466507
    float_val: -0.363971471786499
    float_val: -0.1537323147058487
    float_val: 0.007532902527600527
    float_val: -0.3539122939109802
    float_val: 0.016998901963233948
    float_val: -0.009310669265687466
    float_val: -0.3892262279987335
    float_val: 0.07437591254711151
    float_val: -0.25630733370780945
    float_val: 0.05413046479225159
    float_val: 0.19151444733142853
    float_val: -0.3368966281414032
    float_val: 0.07947642356157303
    float_val: -0.0530233271420002
    float_val: -0.24430440366268158
    float_val: -0.3673226237297058
    float_val: 0.12756815552711487
    float_val: 0.09379944950342178
    float_val: 0.12603680789470673
    float_val: -0.11978641152381897
    float_val: -0.2083146572113037
    float_val: 0.03217073902487755
    float_val: -0.23516015708446503
    float_val: -0.2138308584690094
    float_val: -0.21579211950302124
    float_val: -0.38481953740119934
    float_val: -0.3435375988483429
    float_val: -0.30786675214767456
    float_val: -0.13319122791290283
    float_val: -0.1342044621706009
    float_val: 0.2597119212150574
    float_val: -0.3654117286205292
    float_val: -0.3217479884624481
    float_val: 0.10413354635238647
    float_val: -0.19244122505187988
    float_val: -0.16012778878211975
    float_val: 0.03724457323551178
    float_val: 0.1984609067440033
    float_val: -0.09850285947322845
    float_val: 0.08065803349018097
    float_val: 0.06936722993850708
    float_val: -0.12897028028964996
    float_val: 0.036083418875932693
    float_val: -0.28014111518859863
    float_val: -0.17698431015014648
    float_val: -0.3293917179107666
    float_val: -0.19832246005535126
    float_val: -0.3016548156738281
    float_val: 0.038274798542261124
    float_val: 0.11195920407772064
    float_val: -0.28256911039352417
    float_val: 0.09309560060501099
    float_val: -0.22620488703250885
    float_val: -0.17378689348697662
    float_val: -0.41441717743873596
    float_val: 0.08909781277179718
    float_val: 0.14054836332798004
    float_val: 0.05884236842393875
    float_val: 0.13585464656352997
    float_val: -0.22128544747829437
    float_val: -0.11490614712238312
    float_val: 0.010265571996569633
    float_val: -0.19870278239250183
    float_val: 0.16729575395584106
    float_val: -0.3723980188369751
    float_val: 0.07121676951646805
    float_val: -0.40700244903564453
    float_val: -0.26999732851982117
    float_val: 0.14715434610843658
    float_val: 0.027928030118346214
    float_val: 0.013807309791445732
    float_val: -0.10370101779699326
    float_val: -0.2967015206813812
    float_val: -0.26485657691955566
    float_val: -0.125323086977005
    float_val: -0.029638897627592087
    float_val: -0.0054176123812794685
    float_val: -0.1060480996966362
    float_val: -0.32202455401420593
    float_val: 0.13440436124801636
    float_val: 0.016543418169021606
    float_val: 0.21983972191810608
    float_val: -0.29398590326309204
    float_val: 0.03160410374403
    float_val: 0.07080766558647156
    float_val: 0.1029592901468277
    float_val: -0.02998645231127739
    float_val: 0.3907032310962677
    float_val: 0.0956229567527771
    float_val: 0.07587538659572601
    float_val: -0.026739997789263725
    float_val: -0.09199726581573486
    float_val: -0.2332715094089508
    float_val: -0.07995505630970001
    float_val: -0.211666539311409
    float_val: -0.37460944056510925
    float_val: -0.30299749970436096
    float_val: -0.14123056828975677
    float_val: -0.15925872325897217
    float_val: 0.051691457629203796
    float_val: 0.038492847234010696
    float_val: -0.228042334318161
    float_val: -0.17089761793613434
    float_val: -0.1329738348722458
    float_val: 0.0548444539308548
    float_val: -0.3428638279438019
    float_val: 0.07956454902887344
    float_val: 0.19968926906585693
    float_val: -0.24366118013858795
    float_val: 0.1068260446190834
    float_val: -0.005051812622696161
    float_val: -0.09902451932430267
    float_val: -0.15273645520210266
    float_val: -0.08775927126407623
    float_val: -0.06464681029319763
    float_val: -0.2862391471862793
    float_val: -0.2849237322807312
    float_val: -0.24319010972976685
    float_val: -0.25688210129737854
    float_val: -0.3852132558822632
    float_val: -0.2353292554616928
    float_val: -0.36638331413269043
    float_val: -0.12381941825151443
    float_val: -0.12414535880088806
    float_val: 0.07954093813896179
    float_val: -0.3105502128601074
    float_val: 0.3363662362098694
    float_val: -0.07812764495611191
    float_val: -0.2720213234424591
    float_val: -0.10216326266527176
    float_val: -0.3891461491584778
    float_val: -0.23047935962677002
    float_val: -0.025634922087192535
    float_val: -0.21408724784851074
    float_val: -0.16554485261440277
    float_val: 0.13011221587657928
    float_val: 0.020960863679647446
    float_val: -0.2712896764278412
    float_val: -0.45632776618003845
    float_val: -0.34631064534187317
    float_val: 0.10093940049409866
    float_val: 0.12714402377605438
    float_val: 0.1684216409921646
    float_val: 0.11185888946056366
    float_val: -0.3607279360294342
    float_val: -0.005878446623682976
    float_val: 0.14136308431625366
    float_val: -0.29871970415115356
    float_val: 0.18168610334396362
    float_val: 0.05086961388587952
    float_val: -0.16106034815311432
    float_val: -0.4286282956600189
    float_val: 0.034669406712055206
    float_val: -0.29991966485977173
    float_val: -0.18537412583827972
    float_val: 0.036676522344350815
    float_val: -0.3739170432090759
    float_val: -0.2159775197505951
    float_val: 0.1582341194152832
    float_val: 0.12722983956336975
    float_val: 0.19486315548419952
    float_val: -0.03635630011558533
    float_val: -0.31837305426597595
    float_val: 0.08716077357530594
    float_val: -0.5013838410377502
    float_val: -0.19789467751979828
    float_val: 0.13040536642074585
    float_val: 0.06663531810045242
    float_val: 0.08948908001184464
    float_val: -0.10318946838378906
    float_val: 0.016338186338543892
    float_val: 0.11723895370960236
    float_val: -0.4167971611022949
    float_val: -0.07521172612905502
    float_val: -0.5300989747047424
    float_val: -0.4015510678291321
    float_val: -0.17665478587150574
    float_val: -0.25101616978645325
    float_val: -0.07732902467250824
    float_val: 0.082418292760849
    float_val: -0.10792664438486099
    float_val: 0.023807793855667114
    float_val: 0.016823885962367058
    float_val: -0.25904983282089233
    float_val: 0.17658036947250366
    float_val: -0.2771647274494171
    float_val: 0.18472155928611755
    float_val: 0.07072198390960693
    float_val: 0.012273535132408142
    float_val: -0.02357996627688408
    float_val: 0.1099073588848114
    float_val: 0.189608633518219
    float_val: 0.13189177215099335
    float_val: -0.02770833484828472
    float_val: -0.08025752753019333
    float_val: 0.00863964855670929
    float_val: -0.36380264163017273
    float_val: -0.3109360635280609
    float_val: 0.036240097135305405
    float_val: 0.05681965872645378
    float_val: 0.21398517489433289
    float_val: 0.030601976439356804
    float_val: -0.3765351474285126
    float_val: 0.21159231662750244
    float_val: 0.031707409769296646
    float_val: -0.0032493993639945984
    float_val: 0.048057883977890015
    float_val: -0.29536229372024536
    float_val: 0.04758237302303314
    float_val: -0.2666354179382324
    float_val: -0.07555645704269409
    float_val: -0.19970393180847168
    float_val: 0.16201303899288177
    float_val: 0.18730679154396057
    float_val: -0.018578968942165375
    float_val: 0.012957567349076271
    float_val: 0.17205345630645752
    float_val: 0.16141605377197266
    float_val: -0.26837098598480225
    float_val: -0.054397597908973694
    float_val: -0.4092884957790375
    float_val: -0.14365705847740173
    float_val: -0.2430689036846161
    float_val: -0.14486587047576904
    float_val: -0.14712516963481903
    float_val: 0.09326886385679245
    float_val: -0.07961064577102661
    float_val: -0.19416916370391846
    float_val: -0.3501655161380768
    float_val: -0.1252158135175705
    float_val: -0.3248727321624756
    float_val: 0.06841171532869339
    float_val: -0.18606890738010406
    float_val: -0.02303491346538067
    float_val: -0.3193267285823822
    float_val: -0.36923152208328247
    float_val: 0.15731388330459595
    float_val: -0.6018623113632202
    float_val: 0.15723147988319397
    float_val: -0.2446397989988327
    float_val: -0.19919925928115845
    float_val: -0.08844540268182755
    float_val: -0.06353221833705902
    float_val: 0.053906261920928955
    float_val: -0.46607378125190735
    float_val: -0.41039523482322693
    float_val: 0.3516738712787628
    float_val: -0.4153376817703247
    float_val: -0.01186651922762394
    float_val: -0.15907566249370575
    float_val: 0.43011507391929626
    float_val: -0.3162881135940552
    float_val: -0.339122474193573
    float_val: -0.08502181619405746
    float_val: 0.24642115831375122
    float_val: -0.06815652549266815
    float_val: 0.13007214665412903
    float_val: 0.42490580677986145
    float_val: -0.14256885647773743
    float_val: 0.007374420762062073
    float_val: -0.19290584325790405
    float_val: -0.08913762867450714
    float_val: -0.27272626757621765
    float_val: 0.09147870540618896
    float_val: -0.2639242708683014
    float_val: -0.1571938842535019
    float_val: -0.11480748653411865
    float_val: -0.02171475999057293
    float_val: -0.175461083650589
    float_val: -0.07211384177207947
    float_val: -0.03711799532175064
    float_val: -0.04253807291388512
    float_val: -0.4063586890697479
    float_val: -0.30905696749687195
    float_val: -0.13718239963054657
    float_val: 0.054809387773275375
    float_val: 0.12498179823160172
    float_val: 0.17901022732257843
    float_val: -0.09252537786960602
    float_val: -0.3418581783771515
    float_val: -0.11968807131052017
    float_val: -0.34894153475761414
    float_val: -0.14899320900440216
    float_val: -0.2831231653690338
    float_val: -0.4139954745769501
    float_val: -0.22038069367408752
    float_val: -0.11366485804319382
    float_val: 0.011667127721011639
    float_val: 0.21901260316371918
    float_val: -0.24422496557235718
    float_val: 0.103519968688488
    float_val: 0.17968186736106873
    float_val: -0.28064918518066406
    float_val: -0.3299914300441742
    float_val: -0.24467380344867706
    float_val: 0.05355515331029892
    float_val: -0.11636368185281754
    float_val: 0.15264056622982025
    float_val: -0.359451562166214
    float_val: -0.2232317477464676
    float_val: 0.05850851908326149
    float_val: 0.1008882075548172
    float_val: -0.053822170943021774
    float_val: -0.21428056061267853
    float_val: -0.06063517555594444
    float_val: -0.2538365423679352
    float_val: -0.16375456750392914
    float_val: -0.1607884019613266
    float_val: -0.086968332529068
    float_val: -0.09464824944734573
    float_val: -0.3592571020126343
    float_val: -0.04650615528225899
    float_val: 0.19411979615688324
    float_val: -0.15606962144374847
    float_val: -0.06349366903305054
    float_val: -0.20574261248111725
    float_val: 0.04410330951213837
    float_val: -0.18352408707141876
    float_val: 0.07111328840255737
    float_val: -0.3501368463039398
    float_val: -0.3845367133617401
    float_val: -0.17353135347366333
    float_val: 0.007569431327283382
    float_val: -0.16345837712287903
    float_val: -0.286556214094162
    float_val: -0.25397035479545593
    float_val: -0.17093434929847717
    float_val: -0.4870997667312622
    float_val: -0.11810097843408585
    float_val: -0.18126963078975677
    float_val: -0.3319046199321747
    float_val: -0.34850144386291504
    float_val: 0.019168179482221603
    float_val: -0.1408349722623825
    float_val: 0.051427170634269714
    float_val: -0.09219851344823837
    float_val: -0.29113924503326416
    float_val: -0.22871987521648407
    float_val: -0.3673234283924103
    float_val: 0.09659125655889511
    float_val: -0.08391760289669037
    float_val: -0.17232851684093475
    float_val: -0.039246100932359695
    float_val: -0.06407172232866287
    float_val: -0.2645656168460846
    float_val: -0.3238494098186493
    float_val: -0.046750497072935104
    float_val: 0.13035622239112854
    float_val: -0.36112675070762634
    float_val: -0.035860661417245865
    float_val: 0.1613732874393463
    float_val: 0.18684549629688263
    float_val: -0.2075033187866211
    float_val: 0.09490330517292023
    float_val: -0.27037930488586426
    float_val: -0.15907226502895355
    float_val: -0.17753498256206512
    float_val: -0.026428693905472755
    float_val: -0.20870190858840942
    float_val: -0.2546691298484802
    float_val: -0.060067567974328995
    float_val: 0.3692835569381714
    float_val: 0.025427348911762238
    float_val: 0.013855756260454655
    float_val: -0.10300744324922562
    float_val: 0.07433413714170456
    float_val: 0.05233844369649887
    float_val: 0.1181192547082901
    float_val: -0.012274686247110367
    float_val: -0.21781958639621735
    float_val: -0.26973074674606323
    float_val: -0.0839943140745163
    float_val: -0.2581467926502228
    float_val: 0.004878296051174402
    float_val: 0.08329121023416519
    float_val: 0.13175800442695618
    float_val: 0.17966434359550476
    float_val: -0.14485375583171844
    float_val: -0.028660915791988373
    float_val: -0.1596316248178482
    float_val: 0.1072019562125206
    float_val: -0.22607207298278809
    float_val: -0.022407785058021545
    float_val: -0.03958696126937866
    float_val: 0.15914440155029297
    float_val: -0.014187796041369438
    float_val: -0.45376017689704895
    float_val: 0.05657707154750824
    float_val: -0.28878146409988403
    float_val: 0.06740051507949829
    float_val: -0.1879260092973709
    float_val: -0.2999822795391083
    float_val: -0.0063555072993040085
    float_val: 0.2062225490808487
    float_val: -0.03965491056442261
    float_val: 0.12808218598365784
    float_val: -0.17491386830806732
    float_val: -0.20820382237434387
    float_val: -0.29665327072143555
    float_val: 0.15349264442920685
    float_val: -0.2409844547510147
    float_val: -0.08798422664403915
    float_val: 0.013520888984203339
    float_val: -0.19977176189422607
    float_val: -0.2024846374988556
    float_val: -0.3543224632740021
    float_val: -0.1821945160627365
    float_val: 0.07346748560667038
    float_val: 0.03527914360165596
    float_val: 0.019455784931778908
    float_val: 0.09738962352275848
    float_val: -0.05168003961443901
    float_val: -0.1099587082862854
    float_val: 0.15915386378765106
    float_val: -0.3017650842666626
    float_val: -0.2745607793331146
    float_val: -0.2953888773918152
    float_val: -0.1957973688840866
    float_val: -0.31346896290779114
    float_val: 0.02252604439854622
    float_val: -0.18935264647006989
    float_val: 0.020945720374584198
    float_val: 0.15545059740543365
    float_val: -0.17994792759418488
    float_val: 0.08144352585077286
    float_val: 0.08166566491127014
    float_val: -0.5127540230751038
    float_val: -0.1471257209777832
    float_val: -0.28366178274154663
    float_val: -0.26418086886405945
    float_val: -0.34110814332962036
    float_val: -0.3467599153518677
    float_val: -0.13087286055088043
    float_val: -0.1598299741744995
    float_val: -0.1909458339214325
    float_val: -0.26197943091392517
    float_val: -0.3511473834514618
    float_val: 0.0199967660009861
    float_val: -0.017889274284243584
    float_val: 0.02569936215877533
    float_val: -0.1829485297203064
    float_val: -0.2715388238430023
    float_val: 0.22312311828136444
    float_val: -0.27024775743484497
    float_val: 0.1774093359708786
    float_val: 0.00401812419295311
    float_val: 0.07463593035936356
    float_val: -0.1401984989643097
    float_val: 0.12696653604507446
    float_val: -0.2576938569545746
    float_val: -0.16349616646766663
    float_val: 0.2220325469970703
    float_val: 0.07433049380779266
    float_val: 0.219837948679924
    float_val: -0.12435974180698395
    float_val: -0.08741593360900879
    float_val: -0.27941086888313293
    float_val: 0.09630515426397324
    float_val: -0.053024791181087494
    float_val: 0.19639047980308533
    float_val: -0.04594824090600014
    float_val: 0.016402345150709152
    float_val: -0.18889059126377106
    float_val: 0.053325217217206955
    float_val: 0.24060273170471191
    float_val: -0.27925458550453186
    float_val: -0.3130453824996948
    float_val: -0.2710380256175995
    float_val: -0.1512587070465088
    float_val: 0.04891883209347725
    float_val: 0.22563473880290985
    float_val: -0.02954980358481407
    float_val: -0.21222364902496338
    float_val: -0.038189083337783813
    float_val: 0.06678128987550735
    float_val: -0.2577330470085144
    float_val: 0.14015986025333405
    float_val: -0.07242794334888458
    float_val: -0.29518285393714905
    float_val: -0.06782345473766327
    float_val: 0.13531729578971863
    float_val: 0.2253074198961258
    float_val: -0.33679258823394775
    float_val: 0.006793665699660778
    float_val: -0.2715469002723694
    float_val: -0.14887239038944244
    float_val: 0.17592230439186096
    float_val: -0.16897621750831604
    float_val: 0.2215854376554489
    float_val: -0.34332019090652466
    float_val: 0.2136700302362442
    float_val: -0.12038128077983856
    float_val: 0.07623156160116196
    float_val: -0.04020591825246811
    float_val: 0.21950894594192505
    float_val: -0.07757344841957092
    float_val: -0.3074895143508911
    float_val: -0.2880024313926697
    float_val: -0.22462362051010132
    float_val: -0.09028585255146027
    float_val: 0.03403852507472038
    float_val: -0.17704886198043823
    float_val: -0.1908341497182846
    float_val: -0.396158903837204
    float_val: -0.19551905989646912
    float_val: -0.16103166341781616
    float_val: 0.04125756770372391
    float_val: -0.33905622363090515
    float_val: -0.03745441138744354
    float_val: -0.024917136877775192
    float_val: 0.12381097674369812
    float_val: -0.1370454579591751
    float_val: -0.026983240619301796
    float_val: 0.039369456470012665
    float_val: 0.010837347246706486
    float_val: -0.19567245244979858
    float_val: -0.14223653078079224
    float_val: -0.2527732253074646
    float_val: 0.07671431452035904
    float_val: -0.2312273532152176
    float_val: -0.21811871230602264
    float_val: -0.27060407400131226
    float_val: 0.01392686553299427
    float_val: -0.2334139496088028
    float_val: 0.04020635038614273
    float_val: 0.14625297486782074
    float_val: -0.050266992300748825
    float_val: 0.21873927116394043
    float_val: -0.08127714693546295
    float_val: -0.2190597951412201
    float_val: -0.35615283250808716
    float_val: -0.3503459692001343
    float_val: -0.20704135298728943
    float_val: -0.07857239246368408
    float_val: 0.23699170351028442
  }
}

